\BOOKMARK [1][-]{section.1}{Inledning}{}% 1
\BOOKMARK [2][-]{subsection.1.1}{Syfte}{section.1}% 2
\BOOKMARK [2][-]{subsection.1.2}{M\345l}{section.1}% 3
\BOOKMARK [2][-]{subsection.1.3}{Introduktion till Sensorer}{section.1}% 4
\BOOKMARK [1][-]{section.2}{Problemformulering}{}% 5
\BOOKMARK [2][-]{subsection.2.1}{Metod}{section.2}% 6
\BOOKMARK [1][-]{section.3}{Motivation av sensorval}{}% 7
\BOOKMARK [1][-]{section.4}{Avst\345ndsm\344tare}{}% 8
\BOOKMARK [2][-]{subsection.4.1}{Optiska avst\345ndsm\344tare}{section.4}% 9
\BOOKMARK [3][-]{subsubsection.4.1.1}{Fysikaliska principer}{subsection.4.1}% 10
\BOOKMARK [3][-]{subsubsection.4.1.2}{Hur fungerar den f\366r oss?}{subsection.4.1}% 11
\BOOKMARK [3][-]{subsubsection.4.1.3}{Prestanda}{subsection.4.1}% 12
\BOOKMARK [3][-]{subsubsection.4.1.4}{St\366rk\344nslighet}{subsection.4.1}% 13
\BOOKMARK [2][-]{subsection.4.2}{Akustisk avst\345ndsm\344tare}{section.4}% 14
\BOOKMARK [3][-]{subsubsection.4.2.1}{Fysikalisk princip}{subsection.4.2}% 15
\BOOKMARK [3][-]{subsubsection.4.2.2}{Hur fungerar den f\366r oss?}{subsection.4.2}% 16
\BOOKMARK [3][-]{subsubsection.4.2.3}{Prestanda}{subsection.4.2}% 17
\BOOKMARK [3][-]{subsubsection.4.2.4}{St\366rk\344nslighet}{subsection.4.2}% 18
\BOOKMARK [1][-]{section.5}{Vinkelhastightessensor}{}% 19
\BOOKMARK [2][-]{subsection.5.1}{Fysikalisk princip}{section.5}% 20
\BOOKMARK [2][-]{subsection.5.2}{Hur fungerar den f\366r oss?}{section.5}% 21
\BOOKMARK [2][-]{subsection.5.3}{Prestanda}{section.5}% 22
\BOOKMARK [2][-]{subsection.5.4}{St\366rk\344nslighet}{section.5}% 23
\BOOKMARK [1][-]{section.6}{Reflektionssensor}{}% 24
\BOOKMARK [2][-]{subsection.6.1}{Fysikalisk princip}{section.6}% 25
\BOOKMARK [2][-]{subsection.6.2}{Hur fungerar den f\366r oss?}{section.6}% 26
\BOOKMARK [2][-]{subsection.6.3}{Prestanda}{section.6}% 27
\BOOKMARK [2][-]{subsection.6.4}{St\366rk\344nslighet}{section.6}% 28
\BOOKMARK [1][-]{section.7}{RFID}{}% 29
\BOOKMARK [2][-]{subsection.7.1}{Fysikalisk princip}{section.7}% 30
\BOOKMARK [2][-]{subsection.7.2}{Hur fungerar den f\366r oss?}{section.7}% 31
\BOOKMARK [2][-]{subsection.7.3}{Prestanda}{section.7}% 32
\BOOKMARK [2][-]{subsection.7.4}{St\366rk\344nslighet}{section.7}% 33
\BOOKMARK [1][-]{section.8}{Resultat och slutsatser}{}% 34
\BOOKMARK [2][-]{subsection.8.1}{Diskussion}{section.8}% 35
